<?xml version="1.0" encoding="UTF-8" standalone="no"?><testsuite errors="1" failures="0" name="Sumup" skipped="0" tests="1" time="23.01" timestamp="2023-12-03 08:14:25"><testcase name="Sumup"><error message="element click intercepted: Element is not clickable at point (407, 955)&#10;  (Session info: chrome=119.0.6045.200)&#10;Build info: version: '4.1.2', revision: '9a5a329c5a'&#10;System info: host: 'DESKTOP-171AVQP', ip: '192.168.0.105', os.name: 'Windows 10', os.arch: 'amd64', os.version: '10.0', java.version: '1.8.0_202'&#10;Driver info: org.openqa.selenium.chrome.ChromeDriver&#10;Command: [e44f40d3b576fa0aec35c02869fa80bf, clickElement {id=E999F97B3854DD61A3CD4A66573910E5_element_111}]&#10;Capabilities {acceptInsecureCerts: false, browserName: chrome, browserVersion: 119.0.6045.200, chrome: {chromedriverVersion: 119.0.6045.105 (38c72552c5e..., userDataDir: C:\Users\Admin\AppData\Loca...}, fedcm:accounts: true, goog:chromeOptions: {debuggerAddress: localhost:55101}, javascriptEnabled: true, networkConnectionEnabled: false, pageLoadStrategy: normal, platform: WINDOWS, platformName: WINDOWS, proxy: Proxy(), se:cdp: ws://localhost:55101/devtoo..., se:cdpVersion: 119.0.6045.200, setWindowRect: true, strictFileInteractability: false, timeouts: {implicit: 0, pageLoad: 300000, script: 30000}, unhandledPromptBehavior: dismiss and notify, webauthn:extension:credBlob: true, webauthn:extension:largeBlob: true, webauthn:extension:minPinLength: true, webauthn:extension:prf: true, webauthn:virtualAuthenticators: true}&#10;Element: [[ChromeDriver: chrome on WINDOWS (e44f40d3b576fa0aec35c02869fa80bf)] -&gt; xpath: (//a[@data-link-name='learn_more'])[1]]&#10;Session ID: e44f40d3b576fa0aec35c02869fa80bf&#10;Build info: version: '4.1.2', revision: '9a5a329c5a'&#10;System info: host: 'DESKTOP-171AVQP', ip: '192.168.0.105', os.name: 'Windows 10', os.arch: 'amd64', os.version: '10.0', java.version: '1.8.0_202'&#10;Driver info: driver.version: unknown" type="org.openqa.selenium.ElementClickInterceptedException">element click intercepted: Element is not clickable at point (407, 955)
  (Session info: chrome=119.0.6045.200)
Build info: version: '4.1.2', revision: '9a5a329c5a'
System info: host: 'DESKTOP-171AVQP', ip: '192.168.0.105', os.name: 'Windows 10', os.arch: 'amd64', os.version: '10.0', java.version: '1.8.0_202'
Driver info: org.openqa.selenium.chrome.ChromeDriver
Command: [e44f40d3b576fa0aec35c02869fa80bf, clickElement {id=E999F97B3854DD61A3CD4A66573910E5_element_111}]
Capabilities {acceptInsecureCerts: false, browserName: chrome, browserVersion: 119.0.6045.200, chrome: {chromedriverVersion: 119.0.6045.105 (38c72552c5e..., userDataDir: C:\Users\Admin\AppData\Loca...}, fedcm:accounts: true, goog:chromeOptions: {debuggerAddress: localhost:55101}, javascriptEnabled: true, networkConnectionEnabled: false, pageLoadStrategy: normal, platform: WINDOWS, platformName: WINDOWS, proxy: Proxy(), se:cdp: ws://localhost:55101/devtoo..., se:cdpVersion: 119.0.6045.200, setWindowRect: true, strictFileInteractability: false, timeouts: {implicit: 0, pageLoad: 300000, script: 30000}, unhandledPromptBehavior: dismiss and notify, webauthn:extension:credBlob: true, webauthn:extension:largeBlob: true, webauthn:extension:minPinLength: true, webauthn:extension:prf: true, webauthn:virtualAuthenticators: true}
Element: [[ChromeDriver: chrome on WINDOWS (e44f40d3b576fa0aec35c02869fa80bf)] -&gt; xpath: (//a[@data-link-name='learn_more'])[1]]
Session ID: e44f40d3b576fa0aec35c02869fa80bf
Build info: version: '4.1.2', revision: '9a5a329c5a'
System info: host: 'DESKTOP-171AVQP', ip: '192.168.0.105', os.name: 'Windows 10', os.arch: 'amd64', os.version: '10.0', java.version: '1.8.0_202'
Driver info: driver.version: unknown</error><system-err>element click intercepted: Element is not clickable at point (407, 955)
  (Session info: chrome=119.0.6045.200)
Build info: version: '4.1.2', revision: '9a5a329c5a'
System info: host: 'DESKTOP-171AVQP', ip: '192.168.0.105', os.name: 'Windows 10', os.arch: 'amd64', os.version: '10.0', java.version: '1.8.0_202'
Driver info: org.openqa.selenium.chrome.ChromeDriver
Command: [e44f40d3b576fa0aec35c02869fa80bf, clickElement {id=E999F97B3854DD61A3CD4A66573910E5_element_111}]
Capabilities {acceptInsecureCerts: false, browserName: chrome, browserVersion: 119.0.6045.200, chrome: {chromedriverVersion: 119.0.6045.105 (38c72552c5e..., userDataDir: C:\Users\Admin\AppData\Loca...}, fedcm:accounts: true, goog:chromeOptions: {debuggerAddress: localhost:55101}, javascriptEnabled: true, networkConnectionEnabled: false, pageLoadStrategy: normal, platform: WINDOWS, platformName: WINDOWS, proxy: Proxy(), se:cdp: ws://localhost:55101/devtoo..., se:cdpVersion: 119.0.6045.200, setWindowRect: true, strictFileInteractability: false, timeouts: {implicit: 0, pageLoad: 300000, script: 30000}, unhandledPromptBehavior: dismiss and notify, webauthn:extension:credBlob: true, webauthn:extension:largeBlob: true, webauthn:extension:minPinLength: true, webauthn:extension:prf: true, webauthn:virtualAuthenticators: true}
Element: [[ChromeDriver: chrome on WINDOWS (e44f40d3b576fa0aec35c02869fa80bf)] -&gt; xpath: (//a[@data-link-name='learn_more'])[1]]
Session ID: e44f40d3b576fa0aec35c02869fa80bf
Build info: version: '4.1.2', revision: '9a5a329c5a'
System info: host: 'DESKTOP-171AVQP', ip: '192.168.0.105', os.name: 'Windows 10', os.arch: 'amd64', os.version: '10.0', java.version: '1.8.0_202'
Driver info: driver.version: unknown&#13;
screenplay.page.PLP_Page.getListLinkProduct(PLP_Page.java:26)&#13;
smartosc.sumup.PLPStep.getLinkProcutInPLP(PLPStep.java:9)&#13;
✽.Get Link Product(file:///E:/SumUpProject/SumUpProject/src/test/resources/features/sumup/SumUp.feature:10)&#13;
</system-err></testcase></testsuite>